<?xml version="1.0" encoding="UTF-8"?>
<!-- Generated by org.testng.reporters.JUnitXMLReporter -->
<testsuite ignored="0" hostname="DESKTOP-DALC184" failures="0" tests="6" name="Default test" time="38.468" errors="0" timestamp="2025-04-14T08:09:02 IST">
  <testcase classname="testCases.UserFlowTest" name="clickSignUp" time="0.289"/>
  <testcase classname="testCases.UserFlowTest" name="fillForm" time="5.902"/>
  <testcase classname="testCases.UserFlowTest" name="signinTest" time="3.6"/>
  <testcase classname="testCases.UserFlowTest" name="crateNotes" time="3.81"/>
  <testcase classname="testCases.UserFlowTest" name="testTodo" time="9.451"/>
  <testcase classname="testCases.UserFlowTest" name="logout" time="8.274"/>
</testsuite> <!-- Default test -->
