<?xml version="1.0" encoding="UTF-8"?>
<!-- Generated by org.testng.reporters.JUnitXMLReporter -->
<testsuite ignored="0" hostname="DESKTOP-DALC184" failures="0" tests="5" name="Default test" time="16.591" errors="0" timestamp="2025-04-12T19:08:36 IST">
  <testcase classname="testCases.UserFlowTest" name="clickSignUp" time="0.166"/>
  <testcase classname="testCases.UserFlowTest" name="fillForm" time="3.746"/>
  <testcase classname="testCases.UserFlowTest" name="signinTest" time="3.696"/>
  <testcase classname="testCases.UserFlowTest" name="crateNotes" time="3.335"/>
  <testcase classname="testCases.UserFlowTest" name="logout" time="0.34"/>
</testsuite> <!-- Default test -->
