<?xml version="1.0" encoding="UTF-8"?>
<testng-results ignored="0" total="6" passed="6" failed="0" skipped="0">
  <reporter-output>
  </reporter-output>
  <suite started-at="2025-04-14T08:08:24 IST" name="Default suite" finished-at="2025-04-14T08:09:02 IST" duration-ms="38468">
    <groups>
    </groups>
    <test started-at="2025-04-14T08:08:24 IST" name="Default test" finished-at="2025-04-14T08:09:02 IST" duration-ms="38468">
      <class name="testCases.UserFlowTest">
        <test-method is-config="true" signature="setup()[pri:0, instance:testCases.UserFlowTest@1c1bbc4e]" started-at="2025-04-14T08:08:24 IST" name="setup" finished-at="2025-04-14T08:08:31 IST" duration-ms="6867" status="PASS">
          <reporter-output>
          </reporter-output>
        </test-method> <!-- setup -->
        <test-method signature="clickSignUp()[pri:1, instance:testCases.UserFlowTest@1c1bbc4e]" started-at="2025-04-14T08:08:31 IST" name="clickSignUp" finished-at="2025-04-14T08:08:31 IST" duration-ms="289" status="PASS">
          <reporter-output>
          </reporter-output>
        </test-method> <!-- clickSignUp -->
        <test-method signature="fillForm()[pri:2, instance:testCases.UserFlowTest@1c1bbc4e]" started-at="2025-04-14T08:08:31 IST" name="fillForm" finished-at="2025-04-14T08:08:37 IST" duration-ms="5902" status="PASS">
          <reporter-output>
          </reporter-output>
        </test-method> <!-- fillForm -->
        <test-method signature="signinTest()[pri:3, instance:testCases.UserFlowTest@1c1bbc4e]" started-at="2025-04-14T08:08:37 IST" name="signinTest" finished-at="2025-04-14T08:08:41 IST" duration-ms="3600" status="PASS">
          <reporter-output>
          </reporter-output>
        </test-method> <!-- signinTest -->
        <test-method signature="crateNotes()[pri:4, instance:testCases.UserFlowTest@1c1bbc4e]" started-at="2025-04-14T08:08:41 IST" name="crateNotes" finished-at="2025-04-14T08:08:44 IST" duration-ms="3810" status="PASS">
          <reporter-output>
          </reporter-output>
        </test-method> <!-- crateNotes -->
        <test-method signature="testTodo()[pri:5, instance:testCases.UserFlowTest@1c1bbc4e]" started-at="2025-04-14T08:08:44 IST" name="testTodo" finished-at="2025-04-14T08:08:54 IST" duration-ms="9451" status="PASS">
          <reporter-output>
          </reporter-output>
        </test-method> <!-- testTodo -->
        <test-method signature="logout()[pri:6, instance:testCases.UserFlowTest@1c1bbc4e]" started-at="2025-04-14T08:08:54 IST" name="logout" finished-at="2025-04-14T08:09:02 IST" duration-ms="8274" status="PASS">
          <reporter-output>
          </reporter-output>
        </test-method> <!-- logout -->
        <test-method is-config="true" signature="tearDown()[pri:0, instance:testCases.UserFlowTest@1c1bbc4e]" started-at="2025-04-14T08:09:02 IST" name="tearDown" finished-at="2025-04-14T08:09:02 IST" duration-ms="119" status="PASS">
          <reporter-output>
          </reporter-output>
        </test-method> <!-- tearDown -->
      </class> <!-- testCases.UserFlowTest -->
    </test> <!-- Default test -->
  </suite> <!-- Default suite -->
</testng-results>
